[ 2017-08-02T18:58:54+08:00 ] 127.0.0.1 /Admin/Index/index/token/welcome.html
INFO: [ app_init ] --START--
INFO: Run Behavior\BuildLiteBehavior [ RunTime:0.000118s ]
INFO: [ app_init ] --END-- [ RunTime:0.001692s ]
INFO: [ app_begin ] --START--
INFO: Run Behavior\ReadHtmlCacheBehavior [ RunTime:0.001234s ]
INFO: [ app_begin ] --END-- [ RunTime:0.001489s ]
SQL: SHOW COLUMNS FROM `oj_user` [ RunTime:0.000834s ]
SQL: SELECT * FROM `oj_user` WHERE `user_id` = 1 AND `status` = 1 LIMIT 1   [ RunTime:0.000389s ]
SQL: UPDATE `oj_user` SET `ip`='127.0.0.1' WHERE `user_id` = 1 [ RunTime:0.000271s ]
SQL: SHOW COLUMNS FROM `oj_user_group` [ RunTime:0.000510s ]
SQL: SELECT * FROM `oj_user_group` WHERE `user_group_id` = 1 LIMIT 1   [ RunTime:0.000531s ]
INFO: [ view_parse ] --START--
INFO: [ template_filter ] --START--
INFO: Run Behavior\ContentReplaceBehavior [ RunTime:0.000105s ]
INFO: [ template_filter ] --END-- [ RunTime:0.000254s ]
NOTIC: [8] Undefined index: title F:\wamp64\www\shirt\Application\Runtime\Cache\Admin\d1902b00bb12d836568ec0efbe100e6b.php 第 32 行.
INFO: Run Behavior\ParseTemplateBehavior [ RunTime:0.020859s ]
INFO: [ view_parse ] --END-- [ RunTime:0.021100s ]
INFO: [ view_filter ] --START--
INFO: Run Behavior\WriteHtmlCacheBehavior [ RunTime:0.000970s ]
INFO: [ view_filter ] --END-- [ RunTime:0.001219s ]
INFO: [ app_end ] --START--
INFO: Run Behavior\ShowPageTraceBehavior [ RunTime:0.000792s ]
INFO: [ app_end ] --END-- [ RunTime:0.000911s ]

[ 2017-08-02T18:59:24+08:00 ] 127.0.0.1 /Admin/Index/index/token/spP77TQgoGVo04dPT2ILHDgQbx26YQmd.html
INFO: [ app_init ] --START--
INFO: Run Behavior\BuildLiteBehavior [ RunTime:0.000024s ]
INFO: [ app_init ] --END-- [ RunTime:0.000716s ]
INFO: [ app_begin ] --START--
INFO: Run Behavior\ReadHtmlCacheBehavior [ RunTime:0.000811s ]
INFO: [ app_begin ] --END-- [ RunTime:0.000970s ]
SQL: SHOW COLUMNS FROM `oj_user` [ RunTime:0.000735s ]
SQL: SELECT * FROM `oj_user` WHERE `user_id` = 1 AND `status` = 1 LIMIT 1   [ RunTime:0.000382s ]
SQL: UPDATE `oj_user` SET `ip`='127.0.0.1' WHERE `user_id` = 1 [ RunTime:0.000352s ]
SQL: SHOW COLUMNS FROM `oj_user_group` [ RunTime:0.000737s ]
SQL: SELECT * FROM `oj_user_group` WHERE `user_group_id` = 1 LIMIT 1   [ RunTime:0.000454s ]

[ 2017-08-02T19:00:28+08:00 ] 127.0.0.1 /Admin/Index/index/token/spP77TQgoGVo04dPT2ILHDgQbx26YQmd.html
INFO: [ app_init ] --START--
INFO: Run Behavior\BuildLiteBehavior [ RunTime:0.000027s ]
INFO: [ app_init ] --END-- [ RunTime:0.000629s ]
INFO: [ app_begin ] --START--
INFO: Run Behavior\ReadHtmlCacheBehavior [ RunTime:0.000847s ]
INFO: [ app_begin ] --END-- [ RunTime:0.001059s ]
SQL: SHOW COLUMNS FROM `oj_user` [ RunTime:0.000883s ]
SQL: SELECT * FROM `oj_user` WHERE `user_id` = 1 AND `status` = 1 LIMIT 1   [ RunTime:0.000756s ]
SQL: UPDATE `oj_user` SET `ip`='127.0.0.1' WHERE `user_id` = 1 [ RunTime:0.001751s ]
SQL: SHOW COLUMNS FROM `oj_user_group` [ RunTime:0.001706s ]
SQL: SELECT * FROM `oj_user_group` WHERE `user_group_id` = 1 LIMIT 1   [ RunTime:0.000523s ]

[ 2017-08-02T19:00:34+08:00 ] 127.0.0.1 /Admin/Index/index/token/spP77TQgoGVo04dPT2ILHDgQbx26YQmd.html
INFO: [ app_init ] --START--
INFO: Run Behavior\BuildLiteBehavior [ RunTime:0.000025s ]
INFO: [ app_init ] --END-- [ RunTime:0.000633s ]
INFO: [ app_begin ] --START--
INFO: Run Behavior\ReadHtmlCacheBehavior [ RunTime:0.000687s ]
INFO: [ app_begin ] --END-- [ RunTime:0.000829s ]
SQL: SHOW COLUMNS FROM `oj_user` [ RunTime:0.001077s ]
SQL: SELECT * FROM `oj_user` WHERE `user_id` = 1 AND `status` = 1 LIMIT 1   [ RunTime:0.000479s ]
SQL: UPDATE `oj_user` SET `ip`='127.0.0.1' WHERE `user_id` = 1 [ RunTime:0.000398s ]
SQL: SHOW COLUMNS FROM `oj_user_group` [ RunTime:0.000636s ]
SQL: SELECT * FROM `oj_user_group` WHERE `user_group_id` = 1 LIMIT 1   [ RunTime:0.000431s ]
INFO: [ view_parse ] --START--
INFO: [ template_filter ] --START--
INFO: Run Behavior\ContentReplaceBehavior [ RunTime:0.000109s ]
INFO: [ template_filter ] --END-- [ RunTime:0.000259s ]
NOTIC: [8] Undefined index: title F:\wamp64\www\shirt\Application\Runtime\Cache\Admin\d1902b00bb12d836568ec0efbe100e6b.php 第 32 行.
INFO: Run Behavior\ParseTemplateBehavior [ RunTime:0.015217s ]
INFO: [ view_parse ] --END-- [ RunTime:0.015344s ]
INFO: [ view_filter ] --START--
INFO: Run Behavior\WriteHtmlCacheBehavior [ RunTime:0.000575s ]
INFO: [ view_filter ] --END-- [ RunTime:0.000692s ]
INFO: [ app_end ] --START--
INFO: Run Behavior\ShowPageTraceBehavior [ RunTime:0.000777s ]
INFO: [ app_end ] --END-- [ RunTime:0.000890s ]

[ 2017-08-02T19:00:34+08:00 ] 127.0.0.1 /Admin/Index/index/token/welcome.html
INFO: [ app_init ] --START--
INFO: Run Behavior\BuildLiteBehavior [ RunTime:0.000045s ]
INFO: [ app_init ] --END-- [ RunTime:0.000943s ]
INFO: [ app_begin ] --START--
INFO: Run Behavior\ReadHtmlCacheBehavior [ RunTime:0.001360s ]
INFO: [ app_begin ] --END-- [ RunTime:0.001625s ]
SQL: SHOW COLUMNS FROM `oj_user` [ RunTime:0.002895s ]
SQL: SELECT * FROM `oj_user` WHERE `user_id` = 1 AND `status` = 1 LIMIT 1   [ RunTime:0.000783s ]
SQL: UPDATE `oj_user` SET `ip`='127.0.0.1' WHERE `user_id` = 1 [ RunTime:0.000585s ]
SQL: SHOW COLUMNS FROM `oj_user_group` [ RunTime:0.001047s ]
SQL: SELECT * FROM `oj_user_group` WHERE `user_group_id` = 1 LIMIT 1   [ RunTime:0.000644s ]
INFO: [ view_parse ] --START--
INFO: [ template_filter ] --START--
INFO: Run Behavior\ContentReplaceBehavior [ RunTime:0.000164s ]
INFO: [ template_filter ] --END-- [ RunTime:0.000393s ]
NOTIC: [8] Undefined index: title F:\wamp64\www\shirt\Application\Runtime\Cache\Admin\d1902b00bb12d836568ec0efbe100e6b.php 第 32 行.
INFO: Run Behavior\ParseTemplateBehavior [ RunTime:0.025778s ]
INFO: [ view_parse ] --END-- [ RunTime:0.026346s ]
INFO: [ view_filter ] --START--
INFO: Run Behavior\WriteHtmlCacheBehavior [ RunTime:0.002023s ]
INFO: [ view_filter ] --END-- [ RunTime:0.002681s ]
INFO: [ app_end ] --START--
INFO: Run Behavior\ShowPageTraceBehavior [ RunTime:0.003542s ]
INFO: [ app_end ] --END-- [ RunTime:0.003891s ]

[ 2017-08-02T19:00:34+08:00 ] 127.0.0.1 /Admin/Index/index/token/welcome.html
INFO: [ app_init ] --START--
INFO: Run Behavior\BuildLiteBehavior [ RunTime:0.000027s ]
INFO: [ app_init ] --END-- [ RunTime:0.000560s ]
INFO: [ app_begin ] --START--
INFO: Run Behavior\ReadHtmlCacheBehavior [ RunTime:0.002796s ]
INFO: [ app_begin ] --END-- [ RunTime:0.003410s ]
SQL: SHOW COLUMNS FROM `oj_user` [ RunTime:0.001126s ]
SQL: SELECT * FROM `oj_user` WHERE `user_id` = 1 AND `status` = 1 LIMIT 1   [ RunTime:0.000615s ]
SQL: UPDATE `oj_user` SET `ip`='127.0.0.1' WHERE `user_id` = 1 [ RunTime:0.000541s ]
SQL: SHOW COLUMNS FROM `oj_user_group` [ RunTime:0.000916s ]
SQL: SELECT * FROM `oj_user_group` WHERE `user_group_id` = 1 LIMIT 1   [ RunTime:0.000555s ]
INFO: [ view_parse ] --START--
INFO: [ template_filter ] --START--
INFO: Run Behavior\ContentReplaceBehavior [ RunTime:0.000147s ]
INFO: [ template_filter ] --END-- [ RunTime:0.000341s ]
NOTIC: [8] Undefined index: title F:\wamp64\www\shirt\Application\Runtime\Cache\Admin\d1902b00bb12d836568ec0efbe100e6b.php 第 32 行.
INFO: Run Behavior\ParseTemplateBehavior [ RunTime:0.023255s ]
INFO: [ view_parse ] --END-- [ RunTime:0.023497s ]
INFO: [ view_filter ] --START--
INFO: Run Behavior\WriteHtmlCacheBehavior [ RunTime:0.000899s ]
INFO: [ view_filter ] --END-- [ RunTime:0.001278s ]
INFO: [ app_end ] --START--
INFO: Run Behavior\ShowPageTraceBehavior [ RunTime:0.000728s ]
INFO: [ app_end ] --END-- [ RunTime:0.000845s ]

[ 2017-08-02T19:01:15+08:00 ] 127.0.0.1 /Admin/Index/index/token/spP77TQgoGVo04dPT2ILHDgQbx26YQmd.html
INFO: [ app_init ] --START--
INFO: Run Behavior\BuildLiteBehavior [ RunTime:0.000042s ]
INFO: [ app_init ] --END-- [ RunTime:0.002015s ]
INFO: [ app_begin ] --START--
INFO: Run Behavior\ReadHtmlCacheBehavior [ RunTime:0.001097s ]
INFO: [ app_begin ] --END-- [ RunTime:0.001307s ]
SQL: SHOW COLUMNS FROM `oj_user` [ RunTime:0.000946s ]
SQL: SELECT * FROM `oj_user` WHERE `user_id` = 1 AND `status` = 1 LIMIT 1   [ RunTime:0.000548s ]
SQL: UPDATE `oj_user` SET `ip`='127.0.0.1' WHERE `user_id` = 1 [ RunTime:0.000360s ]
SQL: SHOW COLUMNS FROM `oj_user_group` [ RunTime:0.000891s ]
SQL: SELECT * FROM `oj_user_group` WHERE `user_group_id` = 1 LIMIT 1   [ RunTime:0.000416s ]

[ 2017-08-02T19:02:49+08:00 ] 127.0.0.1 /Admin/Index/index/token/spP77TQgoGVo04dPT2ILHDgQbx26YQmd.html
INFO: [ app_init ] --START--
INFO: Run Behavior\BuildLiteBehavior [ RunTime:0.000024s ]
INFO: [ app_init ] --END-- [ RunTime:0.000679s ]
INFO: [ app_begin ] --START--
INFO: Run Behavior\ReadHtmlCacheBehavior [ RunTime:0.000917s ]
INFO: [ app_begin ] --END-- [ RunTime:0.001077s ]
SQL: SHOW COLUMNS FROM `oj_user` [ RunTime:0.002571s ]
SQL: SELECT * FROM `oj_user` WHERE `user_id` = 1 AND `status` = 1 LIMIT 1   [ RunTime:0.000628s ]
SQL: UPDATE `oj_user` SET `ip`='127.0.0.1' WHERE `user_id` = 1 [ RunTime:0.000384s ]
SQL: SHOW COLUMNS FROM `oj_user_group` [ RunTime:0.000638s ]
SQL: SELECT * FROM `oj_user_group` WHERE `user_group_id` = 1 LIMIT 1   [ RunTime:0.000411s ]
INFO: [ view_parse ] --START--
INFO: [ template_filter ] --START--
INFO: Run Behavior\ContentReplaceBehavior [ RunTime:0.000090s ]
INFO: [ template_filter ] --END-- [ RunTime:0.000252s ]
NOTIC: [8] Undefined index: title F:\wamp64\www\shirt\Application\Runtime\Cache\Admin\d1902b00bb12d836568ec0efbe100e6b.php 第 32 行.
NOTIC: [8] Undefined index: 用户列表 F:\wamp64\www\shirt\Application\Runtime\Cache\Admin\d1902b00bb12d836568ec0efbe100e6b.php 第 75 行.

[ 2017-08-02T19:03:18+08:00 ] 127.0.0.1 /Admin/Index/index/token/spP77TQgoGVo04dPT2ILHDgQbx26YQmd.html
INFO: [ app_init ] --START--
INFO: Run Behavior\BuildLiteBehavior [ RunTime:0.000045s ]
INFO: [ app_init ] --END-- [ RunTime:0.000830s ]
INFO: [ app_begin ] --START--
INFO: Run Behavior\ReadHtmlCacheBehavior [ RunTime:0.001062s ]
INFO: [ app_begin ] --END-- [ RunTime:0.001315s ]
SQL: SHOW COLUMNS FROM `oj_user` [ RunTime:0.003046s ]
SQL: SELECT * FROM `oj_user` WHERE `user_id` = 1 AND `status` = 1 LIMIT 1   [ RunTime:0.000732s ]
SQL: UPDATE `oj_user` SET `ip`='127.0.0.1' WHERE `user_id` = 1 [ RunTime:0.000490s ]
SQL: SHOW COLUMNS FROM `oj_user_group` [ RunTime:0.000825s ]
SQL: SELECT * FROM `oj_user_group` WHERE `user_group_id` = 1 LIMIT 1   [ RunTime:0.000449s ]
INFO: [ view_parse ] --START--
INFO: [ template_filter ] --START--
INFO: Run Behavior\ContentReplaceBehavior [ RunTime:0.000156s ]
INFO: [ template_filter ] --END-- [ RunTime:0.000428s ]
NOTIC: [8] Undefined index: title F:\wamp64\www\shirt\Application\Runtime\Cache\Admin\d1902b00bb12d836568ec0efbe100e6b.php 第 32 行.
NOTIC: [8] Undefined index: 用户列表 F:\wamp64\www\shirt\Application\Runtime\Cache\Admin\d1902b00bb12d836568ec0efbe100e6b.php 第 72 行.

[ 2017-08-02T19:03:38+08:00 ] 127.0.0.1 /Admin/Index/index/token/spP77TQgoGVo04dPT2ILHDgQbx26YQmd.html
INFO: [ app_init ] --START--
INFO: Run Behavior\BuildLiteBehavior [ RunTime:0.000028s ]
INFO: [ app_init ] --END-- [ RunTime:0.000544s ]
INFO: [ app_begin ] --START--
INFO: Run Behavior\ReadHtmlCacheBehavior [ RunTime:0.000610s ]
INFO: [ app_begin ] --END-- [ RunTime:0.000739s ]
SQL: SHOW COLUMNS FROM `oj_user` [ RunTime:0.000796s ]
SQL: SELECT * FROM `oj_user` WHERE `user_id` = 1 AND `status` = 1 LIMIT 1   [ RunTime:0.000481s ]
SQL: UPDATE `oj_user` SET `ip`='127.0.0.1' WHERE `user_id` = 1 [ RunTime:0.000304s ]
SQL: SHOW COLUMNS FROM `oj_user_group` [ RunTime:0.000574s ]
SQL: SELECT * FROM `oj_user_group` WHERE `user_group_id` = 1 LIMIT 1   [ RunTime:0.000347s ]
INFO: [ view_parse ] --START--
INFO: [ template_filter ] --START--
INFO: Run Behavior\ContentReplaceBehavior [ RunTime:0.000085s ]
INFO: [ template_filter ] --END-- [ RunTime:0.000221s ]
NOTIC: [8] Undefined index: title F:\wamp64\www\shirt\Application\Runtime\Cache\Admin\d1902b00bb12d836568ec0efbe100e6b.php 第 32 行.
NOTIC: [8] Undefined index: 用户列表 F:\wamp64\www\shirt\Application\Runtime\Cache\Admin\d1902b00bb12d836568ec0efbe100e6b.php 第 72 行.

[ 2017-08-02T19:04:13+08:00 ] 127.0.0.1 /Admin/Index/index/token/spP77TQgoGVo04dPT2ILHDgQbx26YQmd.html
INFO: [ app_init ] --START--
INFO: Run Behavior\BuildLiteBehavior [ RunTime:0.000024s ]
INFO: [ app_init ] --END-- [ RunTime:0.000487s ]
INFO: [ app_begin ] --START--
INFO: Run Behavior\ReadHtmlCacheBehavior [ RunTime:0.001101s ]
INFO: [ app_begin ] --END-- [ RunTime:0.001333s ]
SQL: SHOW COLUMNS FROM `oj_user` [ RunTime:0.000745s ]
SQL: SELECT * FROM `oj_user` WHERE `user_id` = 1 AND `status` = 1 LIMIT 1   [ RunTime:0.000423s ]
SQL: UPDATE `oj_user` SET `ip`='127.0.0.1' WHERE `user_id` = 1 [ RunTime:0.000449s ]
SQL: SHOW COLUMNS FROM `oj_user_group` [ RunTime:0.002286s ]
SQL: SELECT * FROM `oj_user_group` WHERE `user_group_id` = 1 LIMIT 1   [ RunTime:0.000579s ]

[ 2017-08-02T19:05:36+08:00 ] 127.0.0.1 /Admin/Index/index/token/spP77TQgoGVo04dPT2ILHDgQbx26YQmd.html
INFO: [ app_init ] --START--
INFO: Run Behavior\BuildLiteBehavior [ RunTime:0.000026s ]
INFO: [ app_init ] --END-- [ RunTime:0.000662s ]
INFO: [ app_begin ] --START--
INFO: Run Behavior\ReadHtmlCacheBehavior [ RunTime:0.003799s ]
INFO: [ app_begin ] --END-- [ RunTime:0.004457s ]
SQL: SHOW COLUMNS FROM `oj_user` [ RunTime:0.002020s ]
SQL: SELECT * FROM `oj_user` WHERE `user_id` = 1 AND `status` = 1 LIMIT 1   [ RunTime:0.000750s ]
SQL: UPDATE `oj_user` SET `ip`='127.0.0.1' WHERE `user_id` = 1 [ RunTime:0.000449s ]
SQL: SHOW COLUMNS FROM `oj_user_group` [ RunTime:0.000644s ]
SQL: SELECT * FROM `oj_user_group` WHERE `user_group_id` = 1 LIMIT 1   [ RunTime:0.000385s ]
INFO: [ view_parse ] --START--
INFO: [ template_filter ] --START--
INFO: Run Behavior\ContentReplaceBehavior [ RunTime:0.000125s ]
INFO: [ template_filter ] --END-- [ RunTime:0.000321s ]
NOTIC: [8] Undefined index: title F:\wamp64\www\shirt\Application\Runtime\Cache\Admin\d1902b00bb12d836568ec0efbe100e6b.php 第 32 行.
INFO: Run Behavior\ParseTemplateBehavior [ RunTime:0.015314s ]
INFO: [ view_parse ] --END-- [ RunTime:0.015507s ]
INFO: [ view_filter ] --START--
INFO: Run Behavior\WriteHtmlCacheBehavior [ RunTime:0.000645s ]
INFO: [ view_filter ] --END-- [ RunTime:0.000751s ]
INFO: [ app_end ] --START--
INFO: Run Behavior\ShowPageTraceBehavior [ RunTime:0.000803s ]
INFO: [ app_end ] --END-- [ RunTime:0.000933s ]

[ 2017-08-02T19:05:36+08:00 ] 127.0.0.1 /Admin/Index/index/token/welcome.html
INFO: [ app_init ] --START--
INFO: Run Behavior\BuildLiteBehavior [ RunTime:0.000042s ]
INFO: [ app_init ] --END-- [ RunTime:0.000927s ]
INFO: [ app_begin ] --START--
INFO: Run Behavior\ReadHtmlCacheBehavior [ RunTime:0.001007s ]
INFO: [ app_begin ] --END-- [ RunTime:0.001295s ]
SQL: SHOW COLUMNS FROM `oj_user` [ RunTime:0.001064s ]
SQL: SELECT * FROM `oj_user` WHERE `user_id` = 1 AND `status` = 1 LIMIT 1   [ RunTime:0.000794s ]
SQL: UPDATE `oj_user` SET `ip`='127.0.0.1' WHERE `user_id` = 1 [ RunTime:0.000478s ]
SQL: SHOW COLUMNS FROM `oj_user_group` [ RunTime:0.001042s ]
SQL: SELECT * FROM `oj_user_group` WHERE `user_group_id` = 1 LIMIT 1   [ RunTime:0.001951s ]
INFO: [ view_parse ] --START--
INFO: [ template_filter ] --START--
INFO: Run Behavior\ContentReplaceBehavior [ RunTime:0.000157s ]
INFO: [ template_filter ] --END-- [ RunTime:0.000366s ]
NOTIC: [8] Undefined index: title F:\wamp64\www\shirt\Application\Runtime\Cache\Admin\d1902b00bb12d836568ec0efbe100e6b.php 第 32 行.
INFO: Run Behavior\ParseTemplateBehavior [ RunTime:0.024481s ]
INFO: [ view_parse ] --END-- [ RunTime:0.024697s ]
INFO: [ view_filter ] --START--
INFO: Run Behavior\WriteHtmlCacheBehavior [ RunTime:0.001605s ]
INFO: [ view_filter ] --END-- [ RunTime:0.001877s ]
INFO: [ app_end ] --START--
INFO: Run Behavior\ShowPageTraceBehavior [ RunTime:0.003695s ]
INFO: [ app_end ] --END-- [ RunTime:0.004310s ]

[ 2017-08-02T19:05:36+08:00 ] 127.0.0.1 /Admin/Index/index/token/welcome.html
INFO: [ app_init ] --START--
INFO: Run Behavior\BuildLiteBehavior [ RunTime:0.000042s ]
INFO: [ app_init ] --END-- [ RunTime:0.000787s ]
INFO: [ app_begin ] --START--
INFO: Run Behavior\ReadHtmlCacheBehavior [ RunTime:0.000562s ]
INFO: [ app_begin ] --END-- [ RunTime:0.000698s ]
SQL: SHOW COLUMNS FROM `oj_user` [ RunTime:0.000924s ]
SQL: SELECT * FROM `oj_user` WHERE `user_id` = 1 AND `status` = 1 LIMIT 1   [ RunTime:0.000586s ]
SQL: UPDATE `oj_user` SET `ip`='127.0.0.1' WHERE `user_id` = 1 [ RunTime:0.000707s ]
SQL: SHOW COLUMNS FROM `oj_user_group` [ RunTime:0.000964s ]
SQL: SELECT * FROM `oj_user_group` WHERE `user_group_id` = 1 LIMIT 1   [ RunTime:0.001681s ]
INFO: [ view_parse ] --START--
INFO: [ template_filter ] --START--
INFO: Run Behavior\ContentReplaceBehavior [ RunTime:0.000195s ]
INFO: [ template_filter ] --END-- [ RunTime:0.000407s ]
NOTIC: [8] Undefined index: title F:\wamp64\www\shirt\Application\Runtime\Cache\Admin\d1902b00bb12d836568ec0efbe100e6b.php 第 32 行.
INFO: Run Behavior\ParseTemplateBehavior [ RunTime:0.021618s ]
INFO: [ view_parse ] --END-- [ RunTime:0.021923s ]
INFO: [ view_filter ] --START--
INFO: Run Behavior\WriteHtmlCacheBehavior [ RunTime:0.000886s ]
INFO: [ view_filter ] --END-- [ RunTime:0.001463s ]
INFO: [ app_end ] --START--
INFO: Run Behavior\ShowPageTraceBehavior [ RunTime:0.001098s ]
INFO: [ app_end ] --END-- [ RunTime:0.001303s ]

